#
# There is insufficient memory for the Java Runtime Environment to continue.
# Native memory allocation (malloc) failed to allocate 517376 bytes for Chunk::new
# Possible reasons:
#   The system is out of physical RAM or swap space
#   The process is running with CompressedOops enabled, and the Java Heap may be blocking the growth of the native heap
# Possible solutions:
#   Reduce memory load on the system
#   Increase physical memory or swap space
#   Check if swap backing store is full
#   Decrease Java heap size (-Xmx/-Xms)
#   Decrease number of Java threads
#   Decrease Java thread stack sizes (-Xss)
#   Set larger code cache with -XX:ReservedCodeCacheSize=
#   JVM is running with Unscaled Compressed Oops mode in which the Java heap is
#     placed in the first 4GB address space. The Java Heap base address is the
#     maximum limit for the native heap growth. Please use -XX:HeapBaseMinAddress
#     to set the Java Heap base and to place the Java Heap above 4GB virtual address.
# This output file may be truncated or incomplete.
#
#  Out of Memory Error (arena.cpp:191), pid=17744, tid=119976
#
# JRE version: OpenJDK Runtime Environment Temurin-17.0.10+7 (17.0.10+7) (build 17.0.10+7)
# Java VM: OpenJDK 64-Bit Server VM Temurin-17.0.10+7 (17.0.10+7, mixed mode, tiered, compressed oops, compressed class ptrs, parallel gc, windows-amd64)
# No core dump will be written. Minidumps are not enabled by default on client versions of Windows
#

---------------  S U M M A R Y ------------

Command Line: --add-modules=ALL-SYSTEM --add-opens=java.base/java.util=ALL-UNNAMED --add-opens=java.base/java.lang=ALL-UNNAMED --add-opens=java.base/sun.nio.fs=ALL-UNNAMED -Declipse.application=org.eclipse.jdt.ls.core.id1 -Dosgi.bundles.defaultStartLevel=4 -Declipse.product=org.eclipse.jdt.ls.core.product -Djava.import.generatesMetadataFilesAtProjectRoot=false -DDetectVMInstallationsJob.disabled=true -Dfile.encoding=utf8 -XX:+UseParallelGC -XX:GCTimeRatio=4 -XX:AdaptiveSizePolicyWeight=90 -Dsun.zip.disableMemoryMapping=true -Xmx1G -Xms100m -Xlog:disable -javaagent:c:\Users\Ammar\.vscode\extensions\redhat.java-1.28.1-win32-x64\lombok\lombok-1.18.31.jar -XX:+HeapDumpOnOutOfMemoryError -XX:HeapDumpPath=c:\Users\Ammar\AppData\Roaming\Code\User\workspaceStorage\a48c1bf85e1e3dad3e6e0bfbc93516f5\redhat.java -Daether.dependencyCollector.impl=bf c:\Users\Ammar\.vscode\extensions\redhat.java-1.28.1-win32-x64\server\plugins\org.eclipse.equinox.launcher_1.6.700.v20231214-2017.jar -configuration c:\Users\Ammar\AppData\Roaming\Code\User\globalStorage\redhat.java\1.28.1\config_win -data c:\Users\Ammar\AppData\Roaming\Code\User\workspaceStorage\a48c1bf85e1e3dad3e6e0bfbc93516f5\redhat.java\jdt_ws --stdio

Host: Intel(R) Core(TM) i5-10300H CPU @ 2.50GHz, 8 cores, 7G,  Windows 11 , 64 bit Build 22621 (10.0.22621.3139)
Time: Fri Feb 16 18:47:21 2024 Egypt Standard Time elapsed time: 3.410297 seconds (0d 0h 0m 3s)

---------------  T H R E A D  ---------------

Current thread (0x000001dd551bf4d0):  JavaThread "C2 CompilerThread0" daemon [_thread_in_native, id=119976, stack(0x0000008867900000,0x0000008867a00000)]


Current CompileTask:
C2:   3410 3253       4       org.lombokweb.asm.ClassReader::readMethod (1066 bytes)

Stack: [0x0000008867900000,0x0000008867a00000]
Native frames: (J=compiled Java code, j=interpreted, Vv=VM code, C=native code)
V  [jvm.dll+0x67d2c9]
V  [jvm.dll+0x834afa]
V  [jvm.dll+0x8365be]
V  [jvm.dll+0x836c23]
V  [jvm.dll+0x2477ff]
V  [jvm.dll+0xac514]
V  [jvm.dll+0xacb5c]
V  [jvm.dll+0x2aed1f]
V  [jvm.dll+0x584b67]
V  [jvm.dll+0x2228a2]
V  [jvm.dll+0x21b942]
V  [jvm.dll+0x219201]
V  [jvm.dll+0x1a502d]
V  [jvm.dll+0x2290de]
V  [jvm.dll+0x2272ac]
V  [jvm.dll+0x7e9bb7]
V  [jvm.dll+0x7e3fba]
V  [jvm.dll+0x67c1b5]
C  [ucrtbase.dll+0x29363]
C  [KERNEL32.DLL+0x1257d]
C  [ntdll.dll+0x5aa58]


---------------  P R O C E S S  ---------------

Threads class SMR info:
_java_thread_list=0x000001dd57a0dfa0, length=22, elements={
0x000001dd3a268ab0, 0x000001dd55165020, 0x000001dd55166350, 0x000001dd5518f6d0,
0x000001dd5518ffa0, 0x000001dd551b4a70, 0x000001dd551bdd80, 0x000001dd551bf4d0,
0x000001dd551c21a0, 0x000001dd551d2e40, 0x000001dd5531e0c0, 0x000001dd56367f50,
0x000001dd563f28a0, 0x000001dd5702e0b0, 0x000001dd570c62a0, 0x000001dd5737e0d0,
0x000001dd57349d90, 0x000001dd573fc030, 0x000001dd5697e820, 0x000001dd5697ed30,
0x000001dd5697f240, 0x000001dd5697fc60
}

Java Threads: ( => current thread )
  0x000001dd3a268ab0 JavaThread "main" [_thread_blocked, id=109272, stack(0x0000008867000000,0x0000008867100000)]
  0x000001dd55165020 JavaThread "Reference Handler" daemon [_thread_blocked, id=114704, stack(0x0000008867300000,0x0000008867400000)]
  0x000001dd55166350 JavaThread "Finalizer" daemon [_thread_blocked, id=36512, stack(0x0000008867400000,0x0000008867500000)]
  0x000001dd5518f6d0 JavaThread "Signal Dispatcher" daemon [_thread_blocked, id=52920, stack(0x0000008867500000,0x0000008867600000)]
  0x000001dd5518ffa0 JavaThread "Attach Listener" daemon [_thread_blocked, id=21216, stack(0x0000008867600000,0x0000008867700000)]
  0x000001dd551b4a70 JavaThread "Service Thread" daemon [_thread_blocked, id=124808, stack(0x0000008867700000,0x0000008867800000)]
  0x000001dd551bdd80 JavaThread "Monitor Deflation Thread" daemon [_thread_blocked, id=122812, stack(0x0000008867800000,0x0000008867900000)]
=>0x000001dd551bf4d0 JavaThread "C2 CompilerThread0" daemon [_thread_in_native, id=119976, stack(0x0000008867900000,0x0000008867a00000)]
  0x000001dd551c21a0 JavaThread "C1 CompilerThread0" daemon [_thread_blocked, id=117340, stack(0x0000008867a00000,0x0000008867b00000)]
  0x000001dd551d2e40 JavaThread "Sweeper thread" daemon [_thread_blocked, id=112368, stack(0x0000008867b00000,0x0000008867c00000)]
  0x000001dd5531e0c0 JavaThread "Common-Cleaner" daemon [_thread_blocked, id=109836, stack(0x0000008867c00000,0x0000008867d00000)]
  0x000001dd56367f50 JavaThread "Notification Thread" daemon [_thread_blocked, id=106760, stack(0x0000008867d00000,0x0000008867e00000)]
  0x000001dd563f28a0 JavaThread "Active Thread: Equinox Container: 5db823d9-565e-4011-88c0-6755ae48c0a3" [_thread_blocked, id=70068, stack(0x0000008868500000,0x0000008868600000)]
  0x000001dd5702e0b0 JavaThread "Framework Event Dispatcher: Equinox Container: 5db823d9-565e-4011-88c0-6755ae48c0a3" daemon [_thread_blocked, id=120680, stack(0x0000008868600000,0x0000008868700000)]
  0x000001dd570c62a0 JavaThread "Start Level: Equinox Container: 5db823d9-565e-4011-88c0-6755ae48c0a3" daemon [_thread_in_vm, id=74184, stack(0x0000008868700000,0x0000008868800000)]
  0x000001dd5737e0d0 JavaThread "Bundle File Closer" daemon [_thread_blocked, id=105656, stack(0x0000008868900000,0x0000008868a00000)]
  0x000001dd57349d90 JavaThread "SCR Component Actor" daemon [_thread_blocked, id=32652, stack(0x0000008868a00000,0x0000008868b00000)]
  0x000001dd573fc030 JavaThread "SCR Component Registry" daemon [_thread_blocked, id=5412, stack(0x0000008868b00000,0x0000008868c00000)]
  0x000001dd5697e820 JavaThread "Worker-JM" [_thread_blocked, id=127744, stack(0x0000008868c00000,0x0000008868d00000)]
  0x000001dd5697ed30 JavaThread "Worker-0" [_thread_blocked, id=75772, stack(0x0000008868d00000,0x0000008868e00000)]
  0x000001dd5697f240 JavaThread "Worker-1" [_thread_blocked, id=106328, stack(0x0000008868e00000,0x0000008868f00000)]
  0x000001dd5697fc60 JavaThread "Java indexing" daemon [_thread_blocked, id=75172, stack(0x0000008868f00000,0x0000008869000000)]

Other Threads:
  0x000001dd3a30eb40 VMThread "VM Thread" [stack: 0x0000008867200000,0x0000008867300000] [id=69620]
  0x000001dd554823f0 WatcherThread [stack: 0x0000008867e00000,0x0000008867f00000] [id=100248]
  0x000001dd3a27f4a0 GCTaskThread "GC Thread#0" [stack: 0x0000008867100000,0x0000008867200000] [id=113500]
  0x000001dd567ab380 GCTaskThread "GC Thread#1" [stack: 0x0000008867f00000,0x0000008868000000] [id=109124]
  0x000001dd567ab640 GCTaskThread "GC Thread#2" [stack: 0x0000008868000000,0x0000008868100000] [id=114224]
  0x000001dd56955010 GCTaskThread "GC Thread#3" [stack: 0x0000008868100000,0x0000008868200000] [id=116324]
  0x000001dd569552d0 GCTaskThread "GC Thread#4" [stack: 0x0000008868200000,0x0000008868300000] [id=105332]
  0x000001dd56955590 GCTaskThread "GC Thread#5" [stack: 0x0000008868300000,0x0000008868400000] [id=117808]
  0x000001dd56955850 GCTaskThread "GC Thread#6" [stack: 0x0000008868400000,0x0000008868500000] [id=111240]
  0x000001dd56abd770 GCTaskThread "GC Thread#7" [stack: 0x0000008868800000,0x0000008868900000] [id=106276]

Threads with active compile tasks:
C2 CompilerThread0     3471 3253       4       org.lombokweb.asm.ClassReader::readMethod (1066 bytes)

VM state: not at safepoint (normal execution)

VM Mutex/Monitor currently owned by a thread: None

Heap address: 0x00000000c0000000, size: 1024 MB, Compressed Oops mode: 32-bit

CDS archive(s) not mapped
Compressed class space mapped at: 0x0000000100000000-0x0000000140000000, reserved size: 1073741824
Narrow klass base: 0x0000000000000000, Narrow klass shift: 3, Narrow klass range: 0x140000000

GC Precious Log:
 CPUs: 8 total, 8 available
 Memory: 7985M
 Large Page Support: Disabled
 NUMA Support: Disabled
 Compressed Oops: Enabled (32-bit)
 Alignments: Space 512K, Generation 512K, Heap 2M
 Heap Min Capacity: 100M
 Heap Initial Capacity: 100M
 Heap Max Capacity: 1G
 Pre-touch: Disabled
 Parallel Workers: 8

Heap:
 PSYoungGen      total 27136K, used 6338K [0x00000000eab00000, 0x00000000eca00000, 0x0000000100000000)
  eden space 23552K, 12% used [0x00000000eab00000,0x00000000eadc46c8,0x00000000ec200000)
  from space 3584K, 97% used [0x00000000ec480000,0x00000000ec7ec428,0x00000000ec800000)
  to   space 2048K, 0% used [0x00000000ec800000,0x00000000ec800000,0x00000000eca00000)
 ParOldGen       total 68608K, used 13128K [0x00000000c0000000, 0x00000000c4300000, 0x00000000eab00000)
  object space 68608K, 19% used [0x00000000c0000000,0x00000000c0cd2220,0x00000000c4300000)
 Metaspace       used 32595K, committed 33280K, reserved 1114112K
  class space    used 3186K, committed 3456K, reserved 1048576K

Card table byte_map: [0x000001dd4d8c0000,0x000001dd4dad0000] _byte_map_base: 0x000001dd4d2c0000

Marking Bits: (ParMarkBitMap*) 0x00007ffe3910d7d0
 Begin Bits: [0x000001dd4dc30000, 0x000001dd4ec30000)
 End Bits:   [0x000001dd4ec30000, 0x000001dd4fc30000)

Polling page: 0x000001dd3a310000

Metaspace:

Usage:
  Non-class:     28.72 MB used.
      Class:      3.11 MB used.
       Both:     31.83 MB used.

Virtual space:
  Non-class space:       64.00 MB reserved,      29.12 MB ( 46%) committed,  1 nodes.
      Class space:        1.00 GB reserved,       3.38 MB ( <1%) committed,  1 nodes.
             Both:        1.06 GB reserved,      32.50 MB (  3%) committed. 

Chunk freelists:
   Non-Class:  1.97 MB
       Class:  12.48 MB
        Both:  14.45 MB

MaxMetaspaceSize: unlimited
CompressedClassSpaceSize: 1.00 GB
Initial GC threshold: 21.00 MB
Current GC threshold: 35.00 MB
CDS: off
MetaspaceReclaimPolicy: balanced
 - commit_granule_bytes: 65536.
 - commit_granule_words: 8192.
 - virtual_space_node_default_size: 8388608.
 - enlarge_chunks_in_place: 1.
 - new_chunks_are_fully_committed: 0.
 - uncommit_free_chunks: 1.
 - use_allocation_guard: 0.
 - handle_deallocations: 1.


Internal statistics:

num_allocs_failed_limit: 3.
num_arena_births: 334.
num_arena_deaths: 14.
num_vsnodes_births: 2.
num_vsnodes_deaths: 0.
num_space_committed: 520.
num_space_uncommitted: 0.
num_chunks_returned_to_freelist: 17.
num_chunks_taken_from_freelist: 1283.
num_chunk_merges: 8.
num_chunk_splits: 852.
num_chunks_enlarged: 610.
num_inconsistent_stats: 0.

CodeHeap 'non-profiled nmethods': size=120000Kb used=1326Kb max_used=1326Kb free=118673Kb
 bounds [0x000001dd461b0000, 0x000001dd46420000, 0x000001dd4d6e0000]
CodeHeap 'profiled nmethods': size=120000Kb used=7039Kb max_used=7039Kb free=112960Kb
 bounds [0x000001dd3e6e0000, 0x000001dd3edc0000, 0x000001dd45c10000]
CodeHeap 'non-nmethods': size=5760Kb used=1252Kb max_used=1252Kb free=4507Kb
 bounds [0x000001dd45c10000, 0x000001dd45e80000, 0x000001dd461b0000]
 total_blobs=3908 nmethods=3340 adapters=482
 compilation: enabled
              stopped_count=0, restarted_count=0
 full_count=0

Compilation events (20 events):
Event: 3.238 Thread 0x000001dd551c21a0 nmethod 3252 0x000001dd3ed82190 code [0x000001dd3ed823c0, 0x000001dd3ed82cb8]
Event: 3.239 Thread 0x000001dd551bf4d0 3253       4       org.lombokweb.asm.ClassReader::readMethod (1066 bytes)
Event: 3.244 Thread 0x000001dd551c21a0 3254       3       org.lombokweb.asm.SymbolTable::hash (14 bytes)
Event: 3.244 Thread 0x000001dd551c21a0 nmethod 3254 0x000001dd3ed82f10 code [0x000001dd3ed830a0, 0x000001dd3ed83198]
Event: 3.244 Thread 0x000001dd551c21a0 3255       3       org.lombokweb.asm.ClassReader::readVerificationTypeInfo (184 bytes)
Event: 3.245 Thread 0x000001dd551c21a0 nmethod 3255 0x000001dd3ed83210 code [0x000001dd3ed83560, 0x000001dd3ed84e08]
Event: 3.245 Thread 0x000001dd551c21a0 3256       3       org.lombokweb.asm.MethodWriter::putFrameType (83 bytes)
Event: 3.245 Thread 0x000001dd551c21a0 nmethod 3256 0x000001dd3ed85690 code [0x000001dd3ed858e0, 0x000001dd3ed861b8]
Event: 3.279 Thread 0x000001dd551c21a0 3258       3       org.lombokweb.asm.SymbolTable::addConstantIntegerOrFloat (21 bytes)
Event: 3.279 Thread 0x000001dd551c21a0 nmethod 3258 0x000001dd3ed86490 code [0x000001dd3ed86640, 0x000001dd3ed86898]
Event: 3.279 Thread 0x000001dd551c21a0 3259       3       org.lombokweb.asm.SymbolTable::addConstantIntegerOrFloat (100 bytes)
Event: 3.279 Thread 0x000001dd551c21a0 nmethod 3259 0x000001dd3ed86a10 code [0x000001dd3ed86c20, 0x000001dd3ed87178]
Event: 3.279 Thread 0x000001dd551c21a0 3260       3       lombok.patcher.scripts.AddFieldScript$1::visitField (35 bytes)
Event: 3.280 Thread 0x000001dd551c21a0 nmethod 3260 0x000001dd3ed87410 code [0x000001dd3ed875c0, 0x000001dd3ed87838]
Event: 3.280 Thread 0x000001dd551c21a0 3261 %     3       org.lombokweb.asm.ClassReader::<init> @ 110 (371 bytes)
Event: 3.281 Thread 0x000001dd551c21a0 nmethod 3261% 0x000001dd3ed87990 code [0x000001dd3ed87c80, 0x000001dd3ed88fd8]
Event: 3.281 Thread 0x000001dd551c21a0 3262       3       java.util.regex.Matcher::search (154 bytes)
Event: 3.282 Thread 0x000001dd551c21a0 nmethod 3262 0x000001dd3ed89590 code [0x000001dd3ed89780, 0x000001dd3ed89d48]
Event: 3.282 Thread 0x000001dd551c21a0 3263       3       lombok.patcher.Hook::toSpec (95 bytes)
Event: 3.283 Thread 0x000001dd551c21a0 nmethod 3263 0x000001dd3ed89f90 code [0x000001dd3ed8a2e0, 0x000001dd3ed8b418]

GC Heap History (16 events):
Event: 1.097 GC heap before
{Heap before GC invocations=1 (full 0):
 PSYoungGen      total 29696K, used 25600K [0x00000000eab00000, 0x00000000ecc00000, 0x0000000100000000)
  eden space 25600K, 100% used [0x00000000eab00000,0x00000000ec400000,0x00000000ec400000)
  from space 4096K, 0% used [0x00000000ec800000,0x00000000ec800000,0x00000000ecc00000)
  to   space 4096K, 0% used [0x00000000ec400000,0x00000000ec400000,0x00000000ec800000)
 ParOldGen       total 68608K, used 0K [0x00000000c0000000, 0x00000000c4300000, 0x00000000eab00000)
  object space 68608K, 0% used [0x00000000c0000000,0x00000000c0000000,0x00000000c4300000)
 Metaspace       used 10992K, committed 11200K, reserved 1114112K
  class space    used 1097K, committed 1216K, reserved 1048576K
}
Event: 1.110 GC heap after
{Heap after GC invocations=1 (full 0):
 PSYoungGen      total 29696K, used 3188K [0x00000000eab00000, 0x00000000ecc00000, 0x0000000100000000)
  eden space 25600K, 0% used [0x00000000eab00000,0x00000000eab00000,0x00000000ec400000)
  from space 4096K, 77% used [0x00000000ec400000,0x00000000ec71d130,0x00000000ec800000)
  to   space 4096K, 0% used [0x00000000ec800000,0x00000000ec800000,0x00000000ecc00000)
 ParOldGen       total 68608K, used 8K [0x00000000c0000000, 0x00000000c4300000, 0x00000000eab00000)
  object space 68608K, 0% used [0x00000000c0000000,0x00000000c0002000,0x00000000c4300000)
 Metaspace       used 10992K, committed 11200K, reserved 1114112K
  class space    used 1097K, committed 1216K, reserved 1048576K
}
Event: 1.733 GC heap before
{Heap before GC invocations=2 (full 0):
 PSYoungGen      total 29696K, used 28788K [0x00000000eab00000, 0x00000000ecc00000, 0x0000000100000000)
  eden space 25600K, 100% used [0x00000000eab00000,0x00000000ec400000,0x00000000ec400000)
  from space 4096K, 77% used [0x00000000ec400000,0x00000000ec71d130,0x00000000ec800000)
  to   space 4096K, 0% used [0x00000000ec800000,0x00000000ec800000,0x00000000ecc00000)
 ParOldGen       total 68608K, used 8K [0x00000000c0000000, 0x00000000c4300000, 0x00000000eab00000)
  object space 68608K, 0% used [0x00000000c0000000,0x00000000c0002000,0x00000000c4300000)
 Metaspace       used 14641K, committed 14912K, reserved 1114112K
  class space    used 1472K, committed 1600K, reserved 1048576K
}
Event: 1.738 GC heap after
{Heap after GC invocations=2 (full 0):
 PSYoungGen      total 29696K, used 4089K [0x00000000eab00000, 0x00000000ecc00000, 0x0000000100000000)
  eden space 25600K, 0% used [0x00000000eab00000,0x00000000eab00000,0x00000000ec400000)
  from space 4096K, 99% used [0x00000000ec800000,0x00000000ecbfe540,0x00000000ecc00000)
  to   space 4096K, 0% used [0x00000000ec400000,0x00000000ec400000,0x00000000ec800000)
 ParOldGen       total 68608K, used 1316K [0x00000000c0000000, 0x00000000c4300000, 0x00000000eab00000)
  object space 68608K, 1% used [0x00000000c0000000,0x00000000c0149370,0x00000000c4300000)
 Metaspace       used 14641K, committed 14912K, reserved 1114112K
  class space    used 1472K, committed 1600K, reserved 1048576K
}
Event: 2.262 GC heap before
{Heap before GC invocations=3 (full 0):
 PSYoungGen      total 29696K, used 29689K [0x00000000eab00000, 0x00000000ecc00000, 0x0000000100000000)
  eden space 25600K, 100% used [0x00000000eab00000,0x00000000ec400000,0x00000000ec400000)
  from space 4096K, 99% used [0x00000000ec800000,0x00000000ecbfe540,0x00000000ecc00000)
  to   space 4096K, 0% used [0x00000000ec400000,0x00000000ec400000,0x00000000ec800000)
 ParOldGen       total 68608K, used 1316K [0x00000000c0000000, 0x00000000c4300000, 0x00000000eab00000)
  object space 68608K, 1% used [0x00000000c0000000,0x00000000c0149370,0x00000000c4300000)
 Metaspace       used 16845K, committed 17152K, reserved 1114112K
  class space    used 1704K, committed 1856K, reserved 1048576K
}
Event: 2.267 GC heap after
{Heap after GC invocations=3 (full 0):
 PSYoungGen      total 29696K, used 4086K [0x00000000eab00000, 0x00000000ecc00000, 0x0000000100000000)
  eden space 25600K, 0% used [0x00000000eab00000,0x00000000eab00000,0x00000000ec400000)
  from space 4096K, 99% used [0x00000000ec400000,0x00000000ec7fdbf8,0x00000000ec800000)
  to   space 4096K, 0% used [0x00000000ec800000,0x00000000ec800000,0x00000000ecc00000)
 ParOldGen       total 68608K, used 5210K [0x00000000c0000000, 0x00000000c4300000, 0x00000000eab00000)
  object space 68608K, 7% used [0x00000000c0000000,0x00000000c05168d8,0x00000000c4300000)
 Metaspace       used 16845K, committed 17152K, reserved 1114112K
  class space    used 1704K, committed 1856K, reserved 1048576K
}
Event: 2.618 GC heap before
{Heap before GC invocations=4 (full 0):
 PSYoungGen      total 29696K, used 29686K [0x00000000eab00000, 0x00000000ecc00000, 0x0000000100000000)
  eden space 25600K, 100% used [0x00000000eab00000,0x00000000ec400000,0x00000000ec400000)
  from space 4096K, 99% used [0x00000000ec400000,0x00000000ec7fdbf8,0x00000000ec800000)
  to   space 4096K, 0% used [0x00000000ec800000,0x00000000ec800000,0x00000000ecc00000)
 ParOldGen       total 68608K, used 5210K [0x00000000c0000000, 0x00000000c4300000, 0x00000000eab00000)
  object space 68608K, 7% used [0x00000000c0000000,0x00000000c05168d8,0x00000000c4300000)
 Metaspace       used 21071K, committed 21504K, reserved 1114112K
  class space    used 2141K, committed 2368K, reserved 1048576K
}
Event: 2.620 GC heap after
{Heap after GC invocations=4 (full 0):
 PSYoungGen      total 29696K, used 4084K [0x00000000eab00000, 0x00000000ecc00000, 0x0000000100000000)
  eden space 25600K, 0% used [0x00000000eab00000,0x00000000eab00000,0x00000000ec400000)
  from space 4096K, 99% used [0x00000000ec800000,0x00000000ecbfd1e0,0x00000000ecc00000)
  to   space 4096K, 0% used [0x00000000ec400000,0x00000000ec400000,0x00000000ec800000)
 ParOldGen       total 68608K, used 6383K [0x00000000c0000000, 0x00000000c4300000, 0x00000000eab00000)
  object space 68608K, 9% used [0x00000000c0000000,0x00000000c063bdb0,0x00000000c4300000)
 Metaspace       used 21071K, committed 21504K, reserved 1114112K
  class space    used 2141K, committed 2368K, reserved 1048576K
}
Event: 2.620 GC heap before
{Heap before GC invocations=5 (full 0):
 PSYoungGen      total 29696K, used 4441K [0x00000000eab00000, 0x00000000ecc00000, 0x0000000100000000)
  eden space 25600K, 1% used [0x00000000eab00000,0x00000000eab59488,0x00000000ec400000)
  from space 4096K, 99% used [0x00000000ec800000,0x00000000ecbfd1e0,0x00000000ecc00000)
  to   space 4096K, 0% used [0x00000000ec400000,0x00000000ec400000,0x00000000ec800000)
 ParOldGen       total 68608K, used 6383K [0x00000000c0000000, 0x00000000c4300000, 0x00000000eab00000)
  object space 68608K, 9% used [0x00000000c0000000,0x00000000c063bdb0,0x00000000c4300000)
 Metaspace       used 21081K, committed 21504K, reserved 1114112K
  class space    used 2141K, committed 2368K, reserved 1048576K
}
Event: 2.622 GC heap after
{Heap after GC invocations=5 (full 0):
 PSYoungGen      total 29696K, used 4094K [0x00000000eab00000, 0x00000000ece00000, 0x0000000100000000)
  eden space 25600K, 0% used [0x00000000eab00000,0x00000000eab00000,0x00000000ec400000)
  from space 4096K, 99% used [0x00000000ec400000,0x00000000ec7ff930,0x00000000ec800000)
  to   space 5120K, 0% used [0x00000000ec900000,0x00000000ec900000,0x00000000ece00000)
 ParOldGen       total 68608K, used 6411K [0x00000000c0000000, 0x00000000c4300000, 0x00000000eab00000)
  object space 68608K, 9% used [0x00000000c0000000,0x00000000c0642dc0,0x00000000c4300000)
 Metaspace       used 21081K, committed 21504K, reserved 1114112K
  class space    used 2141K, committed 2368K, reserved 1048576K
}
Event: 2.622 GC heap before
{Heap before GC invocations=6 (full 1):
 PSYoungGen      total 29696K, used 4094K [0x00000000eab00000, 0x00000000ece00000, 0x0000000100000000)
  eden space 25600K, 0% used [0x00000000eab00000,0x00000000eab00000,0x00000000ec400000)
  from space 4096K, 99% used [0x00000000ec400000,0x00000000ec7ff930,0x00000000ec800000)
  to   space 5120K, 0% used [0x00000000ec900000,0x00000000ec900000,0x00000000ece00000)
 ParOldGen       total 68608K, used 6411K [0x00000000c0000000, 0x00000000c4300000, 0x00000000eab00000)
  object space 68608K, 9% used [0x00000000c0000000,0x00000000c0642dc0,0x00000000c4300000)
 Metaspace       used 21081K, committed 21504K, reserved 1114112K
  class space    used 2141K, committed 2368K, reserved 1048576K
}
Event: 2.639 GC heap after
{Heap after GC invocations=6 (full 1):
 PSYoungGen      total 29696K, used 0K [0x00000000eab00000, 0x00000000ece00000, 0x0000000100000000)
  eden space 25600K, 0% used [0x00000000eab00000,0x00000000eab00000,0x00000000ec400000)
  from space 4096K, 0% used [0x00000000ec400000,0x00000000ec400000,0x00000000ec800000)
  to   space 5120K, 0% used [0x00000000ec900000,0x00000000ec900000,0x00000000ece00000)
 ParOldGen       total 68608K, used 10153K [0x00000000c0000000, 0x00000000c4300000, 0x00000000eab00000)
  object space 68608K, 14% used [0x00000000c0000000,0x00000000c09ea6b0,0x00000000c4300000)
 Metaspace       used 21068K, committed 21504K, reserved 1114112K
  class space    used 2137K, committed 2368K, reserved 1048576K
}
Event: 2.912 GC heap before
{Heap before GC invocations=7 (full 1):
 PSYoungGen      total 29696K, used 25600K [0x00000000eab00000, 0x00000000ece00000, 0x0000000100000000)
  eden space 25600K, 100% used [0x00000000eab00000,0x00000000ec400000,0x00000000ec400000)
  from space 4096K, 0% used [0x00000000ec400000,0x00000000ec400000,0x00000000ec800000)
  to   space 5120K, 0% used [0x00000000ec900000,0x00000000ec900000,0x00000000ece00000)
 ParOldGen       total 68608K, used 10153K [0x00000000c0000000, 0x00000000c4300000, 0x00000000eab00000)
  object space 68608K, 14% used [0x00000000c0000000,0x00000000c09ea6b0,0x00000000c4300000)
 Metaspace       used 24245K, committed 24768K, reserved 1114112K
  class space    used 2474K, committed 2688K, reserved 1048576K
}
Event: 2.914 GC heap after
{Heap after GC invocations=7 (full 1):
 PSYoungGen      total 26624K, used 1258K [0x00000000eab00000, 0x00000000eca80000, 0x0000000100000000)
  eden space 25088K, 0% used [0x00000000eab00000,0x00000000eab00000,0x00000000ec380000)
  from space 1536K, 81% used [0x00000000ec900000,0x00000000eca3a8f8,0x00000000eca80000)
  to   space 2560K, 0% used [0x00000000ec580000,0x00000000ec580000,0x00000000ec800000)
 ParOldGen       total 68608K, used 10161K [0x00000000c0000000, 0x00000000c4300000, 0x00000000eab00000)
  object space 68608K, 14% used [0x00000000c0000000,0x00000000c09ec6b0,0x00000000c4300000)
 Metaspace       used 24245K, committed 24768K, reserved 1114112K
  class space    used 2474K, committed 2688K, reserved 1048576K
}
Event: 3.139 GC heap before
{Heap before GC invocations=8 (full 1):
 PSYoungGen      total 26624K, used 26346K [0x00000000eab00000, 0x00000000eca80000, 0x0000000100000000)
  eden space 25088K, 100% used [0x00000000eab00000,0x00000000ec380000,0x00000000ec380000)
  from space 1536K, 81% used [0x00000000ec900000,0x00000000eca3a8f8,0x00000000eca80000)
  to   space 2560K, 0% used [0x00000000ec580000,0x00000000ec580000,0x00000000ec800000)
 ParOldGen       total 68608K, used 10161K [0x00000000c0000000, 0x00000000c4300000, 0x00000000eab00000)
  object space 68608K, 14% used [0x00000000c0000000,0x00000000c09ec6b0,0x00000000c4300000)
 Metaspace       used 27248K, committed 27840K, reserved 1114112K
  class space    used 2791K, committed 3008K, reserved 1048576K
}
Event: 3.141 GC heap after
{Heap after GC invocations=8 (full 1):
 PSYoungGen      total 27136K, used 2554K [0x00000000eab00000, 0x00000000ece00000, 0x0000000100000000)
  eden space 24576K, 0% used [0x00000000eab00000,0x00000000eab00000,0x00000000ec300000)
  from space 2560K, 99% used [0x00000000ec580000,0x00000000ec7fe960,0x00000000ec800000)
  to   space 5632K, 0% used [0x00000000ec880000,0x00000000ec880000,0x00000000ece00000)
 ParOldGen       total 68608K, used 12136K [0x00000000c0000000, 0x00000000c4300000, 0x00000000eab00000)
  object space 68608K, 17% used [0x00000000c0000000,0x00000000c0bda388,0x00000000c4300000)
 Metaspace       used 27248K, committed 27840K, reserved 1114112K
  class space    used 2791K, committed 3008K, reserved 1048576K
}

Dll operation events (9 events):
Event: 0.015 Loaded shared library c:\Users\Ammar\.vscode\extensions\redhat.java-1.28.1-win32-x64\jre\17.0.10-win32-x86_64\bin\java.dll
Event: 0.173 Loaded shared library c:\Users\Ammar\.vscode\extensions\redhat.java-1.28.1-win32-x64\jre\17.0.10-win32-x86_64\bin\zip.dll
Event: 0.177 Loaded shared library C:\Users\Ammar\.vscode\extensions\redhat.java-1.28.1-win32-x64\jre\17.0.10-win32-x86_64\bin\instrument.dll
Event: 0.198 Loaded shared library C:\Users\Ammar\.vscode\extensions\redhat.java-1.28.1-win32-x64\jre\17.0.10-win32-x86_64\bin\net.dll
Event: 0.201 Loaded shared library C:\Users\Ammar\.vscode\extensions\redhat.java-1.28.1-win32-x64\jre\17.0.10-win32-x86_64\bin\nio.dll
Event: 0.209 Loaded shared library C:\Users\Ammar\.vscode\extensions\redhat.java-1.28.1-win32-x64\jre\17.0.10-win32-x86_64\bin\zip.dll
Event: 0.257 Loaded shared library C:\Users\Ammar\.vscode\extensions\redhat.java-1.28.1-win32-x64\jre\17.0.10-win32-x86_64\bin\jimage.dll
Event: 0.435 Loaded shared library c:\Users\Ammar\.vscode\extensions\redhat.java-1.28.1-win32-x64\jre\17.0.10-win32-x86_64\bin\verify.dll
Event: 1.623 Loaded shared library C:\Users\Ammar\AppData\Roaming\Code\User\globalStorage\redhat.java\1.28.1\config_win\org.eclipse.equinox.launcher\org.eclipse.equinox.launcher.win32.win32.x86_64_1.2.900.v20240129-1338\eclipse_11900.dll

Deoptimization events (20 events):
Event: 2.979 Thread 0x000001dd570c62a0 Uncommon trap: trap_request=0xffffff45 fr.pc=0x000001dd461ca424 relative=0x0000000000000384
Event: 2.979 Thread 0x000001dd570c62a0 Uncommon trap: reason=unstable_if action=reinterpret pc=0x000001dd461ca424 method=java.lang.StringLatin1.canEncode(I)Z @ 4 c2
Event: 2.979 Thread 0x000001dd570c62a0 DEOPT PACKING pc=0x000001dd461ca424 sp=0x00000088687f2850
Event: 2.979 Thread 0x000001dd570c62a0 DEOPT UNPACKING pc=0x000001dd45c666a3 sp=0x00000088687f2778 mode 2
Event: 2.979 Thread 0x000001dd570c62a0 Uncommon trap: trap_request=0xffffff45 fr.pc=0x000001dd46203764 relative=0x0000000000000344
Event: 2.979 Thread 0x000001dd570c62a0 Uncommon trap: reason=unstable_if action=reinterpret pc=0x000001dd46203764 method=java.lang.AbstractStringBuilder.isLatin1()Z @ 10 c2
Event: 2.979 Thread 0x000001dd570c62a0 DEOPT PACKING pc=0x000001dd46203764 sp=0x00000088687f2850
Event: 2.979 Thread 0x000001dd570c62a0 DEOPT UNPACKING pc=0x000001dd45c666a3 sp=0x00000088687f27e0 mode 2
Event: 2.979 Thread 0x000001dd570c62a0 Uncommon trap: trap_request=0xffffff45 fr.pc=0x000001dd4627695c relative=0x000000000000005c
Event: 2.979 Thread 0x000001dd570c62a0 Uncommon trap: reason=unstable_if action=reinterpret pc=0x000001dd4627695c method=java.lang.AbstractStringBuilder.isLatin1()Z @ 10 c2
Event: 2.979 Thread 0x000001dd570c62a0 DEOPT PACKING pc=0x000001dd4627695c sp=0x00000088687f2840
Event: 2.979 Thread 0x000001dd570c62a0 DEOPT UNPACKING pc=0x000001dd45c666a3 sp=0x00000088687f27d0 mode 2
Event: 2.984 Thread 0x000001dd570c62a0 Uncommon trap: trap_request=0xffffff45 fr.pc=0x000001dd461d93c8 relative=0x0000000000000048
Event: 2.984 Thread 0x000001dd570c62a0 Uncommon trap: reason=unstable_if action=reinterpret pc=0x000001dd461d93c8 method=java.lang.CharacterData.of(I)Ljava/lang/CharacterData; @ 4 c2
Event: 2.984 Thread 0x000001dd570c62a0 DEOPT PACKING pc=0x000001dd461d93c8 sp=0x00000088687f1fd0
Event: 2.984 Thread 0x000001dd570c62a0 DEOPT UNPACKING pc=0x000001dd45c666a3 sp=0x00000088687f1f68 mode 2
Event: 3.038 Thread 0x000001dd570c62a0 Uncommon trap: trap_request=0xffffffc6 fr.pc=0x000001dd462ac324 relative=0x0000000000000e04
Event: 3.038 Thread 0x000001dd570c62a0 Uncommon trap: reason=bimorphic_or_optimized_type_check action=maybe_recompile pc=0x000001dd462ac324 method=java.util.Properties$LineReader.readLine()I @ 479 c2
Event: 3.038 Thread 0x000001dd570c62a0 DEOPT PACKING pc=0x000001dd462ac324 sp=0x00000088687f42b0
Event: 3.038 Thread 0x000001dd570c62a0 DEOPT UNPACKING pc=0x000001dd45c666a3 sp=0x00000088687f4240 mode 2

Classes unloaded (7 events):
Event: 2.625 Thread 0x000001dd3a30eb40 Unloading class 0x0000000100248400 'java/lang/invoke/LambdaForm$MH+0x0000000100248400'
Event: 2.625 Thread 0x000001dd3a30eb40 Unloading class 0x0000000100248000 'java/lang/invoke/LambdaForm$MH+0x0000000100248000'
Event: 2.625 Thread 0x000001dd3a30eb40 Unloading class 0x0000000100247c00 'java/lang/invoke/LambdaForm$MH+0x0000000100247c00'
Event: 2.625 Thread 0x000001dd3a30eb40 Unloading class 0x0000000100247800 'java/lang/invoke/LambdaForm$MH+0x0000000100247800'
Event: 2.625 Thread 0x000001dd3a30eb40 Unloading class 0x0000000100247400 'java/lang/invoke/LambdaForm$BMH+0x0000000100247400'
Event: 2.625 Thread 0x000001dd3a30eb40 Unloading class 0x0000000100247000 'java/lang/invoke/LambdaForm$DMH+0x0000000100247000'
Event: 2.625 Thread 0x000001dd3a30eb40 Unloading class 0x0000000100244400 'java/lang/invoke/LambdaForm$DMH+0x0000000100244400'

Classes redefined (0 events):
No events

Internal exceptions (20 events):
Event: 2.616 Thread 0x000001dd570c62a0 Exception <a 'java/io/FileNotFoundException'{0x00000000ec3ca8c0}> (0x00000000ec3ca8c0) 
thrown [s\src\hotspot\share\prims\jni.cpp, line 516]
Event: 2.617 Thread 0x000001dd570c62a0 Exception <a 'java/io/FileNotFoundException'{0x00000000ec3d1820}> (0x00000000ec3d1820) 
thrown [s\src\hotspot\share\prims\jni.cpp, line 516]
Event: 2.660 Thread 0x000001dd570c62a0 Exception <a 'java/lang/NoSuchMethodError'{0x00000000eadce820}: 'java.lang.Object java.lang.invoke.DirectMethodHandle$Holder.newInvokeSpecial(java.lang.Object, java.lang.Object, java.lang.Object, java.lang.Object, java.lang.Object)'> (0x00000000eadce820) 
thrown [s\src\hotspot\share\interpreter\linkResolver.cpp, line 759]
Event: 2.715 Thread 0x000001dd570c62a0 Exception <a 'java/lang/NoSuchMethodError'{0x00000000eb1e2e08}: 'java.lang.Object java.lang.invoke.DirectMethodHandle$Holder.invokeSpecial(java.lang.Object, java.lang.Object, java.lang.Object, long, java.lang.Object)'> (0x00000000eb1e2e08) 
thrown [s\src\hotspot\share\interpreter\linkResolver.cpp, line 759]
Event: 2.716 Thread 0x000001dd570c62a0 Exception <a 'java/lang/NoSuchMethodError'{0x00000000eb1eafc0}: 'java.lang.Object java.lang.invoke.DirectMethodHandle$Holder.newInvokeSpecial(java.lang.Object, java.lang.Object, java.lang.Object, long)'> (0x00000000eb1eafc0) 
thrown [s\src\hotspot\share\interpreter\linkResolver.cpp, line 759]
Event: 2.716 Thread 0x000001dd570c62a0 Exception <a 'java/lang/NoSuchMethodError'{0x00000000eb1ef560}: 'java.lang.Object java.lang.invoke.DirectMethodHandle$Holder.invokeSpecial(java.lang.Object, java.lang.Object, java.lang.Object, java.lang.Object, long)'> (0x00000000eb1ef560) 
thrown [s\src\hotspot\share\interpreter\linkResolver.cpp, line 759]
Event: 2.716 Thread 0x000001dd570c62a0 Exception <a 'java/lang/NoSuchMethodError'{0x00000000eb1f33d8}: 'java.lang.Object java.lang.invoke.Invokers$Holder.linkToTargetMethod(java.lang.Object, java.lang.Object, long, java.lang.Object)'> (0x00000000eb1f33d8) 
thrown [s\src\hotspot\share\interpreter\linkResolver.cpp, line 759]
Event: 2.721 Thread 0x000001dd570c62a0 Exception <a 'java/lang/NoSuchMethodError'{0x00000000eb2901b8}: 'int java.lang.invoke.DirectMethodHandle$Holder.invokeStaticInit(java.lang.Object, java.lang.Object, java.lang.Object)'> (0x00000000eb2901b8) 
thrown [s\src\hotspot\share\interpreter\linkResolver.cpp, line 759]
Event: 2.725 Thread 0x000001dd570c62a0 Exception <a 'java/lang/IncompatibleClassChangeError'{0x00000000eb30d2c8}: Found class java.lang.Object, but interface was expected> (0x00000000eb30d2c8) 
thrown [s\src\hotspot\share\interpreter\linkResolver.cpp, line 826]
Event: 2.727 Thread 0x000001dd570c62a0 Exception <a 'java/lang/NoSuchMethodError'{0x00000000eb320b30}: 'java.lang.Object java.lang.invoke.DirectMethodHandle$Holder.invokeSpecial(java.lang.Object, java.lang.Object, java.lang.Object, int, java.lang.Object, java.lang.Object)'> (0x00000000eb320b30) 
thrown [s\src\hotspot\share\interpreter\linkResolver.cpp, line 759]
Event: 2.727 Thread 0x000001dd570c62a0 Exception <a 'java/lang/NoSuchMethodError'{0x00000000eb329228}: 'java.lang.Object java.lang.invoke.DirectMethodHandle$Holder.newInvokeSpecial(java.lang.Object, java.lang.Object, java.lang.Object, int, java.lang.Object)'> (0x00000000eb329228) 
thrown [s\src\hotspot\share\interpreter\linkResolver.cpp, line 759]
Event: 2.727 Thread 0x000001dd570c62a0 Exception <a 'java/lang/NoSuchMethodError'{0x00000000eb32d680}: 'java.lang.Object java.lang.invoke.DirectMethodHandle$Holder.invokeSpecial(java.lang.Object, java.lang.Object, java.lang.Object, java.lang.Object, int, java.lang.Object)'> (0x00000000eb32d680) 
thrown [s\src\hotspot\share\interpreter\linkResolver.cpp, line 759]
Event: 2.728 Thread 0x000001dd5697ed30 Exception <a 'java/lang/NoSuchMethodError'{0x00000000eb2661f8}: 'java.lang.Object java.lang.invoke.DirectMethodHandle$Holder.invokeSpecial(java.lang.Object, java.lang.Object, int, java.lang.Object, java.lang.Object)'> (0x00000000eb2661f8) 
thrown [s\src\hotspot\share\interpreter\linkResolver.cpp, line 759]
Event: 2.872 Thread 0x000001dd570c62a0 Exception <a 'java/lang/NoSuchMethodError'{0x00000000ec0980a0}: 'java.lang.Object java.lang.invoke.Invokers$Holder.linkToTargetMethod(java.lang.Object, long, java.lang.Object, java.lang.Object)'> (0x00000000ec0980a0) 
thrown [s\src\hotspot\share\interpreter\linkResolver.cpp, line 759]
Event: 2.938 Thread 0x000001dd570c62a0 Exception <a 'java/io/FileNotFoundException'{0x00000000eaf02d48}> (0x00000000eaf02d48) 
thrown [s\src\hotspot\share\prims\jni.cpp, line 516]
Event: 2.939 Thread 0x000001dd570c62a0 Exception <a 'java/lang/NoSuchMethodError'{0x00000000eaf0bdc0}: 'java.lang.Object java.lang.invoke.DirectMethodHandle$Holder.newInvokeSpecial(java.lang.Object, int, java.lang.Object, java.lang.Object)'> (0x00000000eaf0bdc0) 
thrown [s\src\hotspot\share\interpreter\linkResolver.cpp, line 759]
Event: 3.026 Thread 0x000001dd570c62a0 Exception <a 'java/lang/NoSuchMethodError'{0x00000000eb6f1900}: 'void java.lang.invoke.DirectMethodHandle$Holder.invokeSpecial(java.lang.Object, java.lang.Object, java.lang.Object, int)'> (0x00000000eb6f1900) 
thrown [s\src\hotspot\share\interpreter\linkResolver.cpp, line 759]
Event: 3.177 Thread 0x000001dd570c62a0 Exception <a 'java/io/FileNotFoundException'{0x00000000eb426b48}> (0x00000000eb426b48) 
thrown [s\src\hotspot\share\prims\jni.cpp, line 516]
Event: 3.177 Thread 0x000001dd570c62a0 Exception <a 'java/io/FileNotFoundException'{0x00000000eb4279d0}> (0x00000000eb4279d0) 
thrown [s\src\hotspot\share\prims\jni.cpp, line 516]
Event: 3.177 Thread 0x000001dd570c62a0 Exception <a 'java/io/FileNotFoundException'{0x00000000eb428868}> (0x00000000eb428868) 
thrown [s\src\hotspot\share\prims\jni.cpp, line 516]

VM Operations (20 events):
Event: 2.620 Executing VM operation: CollectForMetadataAllocation
Event: 2.639 Executing VM operation: CollectForMetadataAllocation done
Event: 2.645 Executing VM operation: HandshakeAllThreads
Event: 2.645 Executing VM operation: HandshakeAllThreads done
Event: 2.736 Executing VM operation: HandshakeAllThreads
Event: 2.736 Executing VM operation: HandshakeAllThreads done
Event: 2.768 Executing VM operation: HandshakeAllThreads
Event: 2.768 Executing VM operation: HandshakeAllThreads done
Event: 2.790 Executing VM operation: HandshakeAllThreads
Event: 2.790 Executing VM operation: HandshakeAllThreads done
Event: 2.794 Executing VM operation: HandshakeAllThreads
Event: 2.794 Executing VM operation: HandshakeAllThreads done
Event: 2.900 Executing VM operation: ICBufferFull
Event: 2.900 Executing VM operation: ICBufferFull done
Event: 2.912 Executing VM operation: ParallelGCFailedAllocation
Event: 2.914 Executing VM operation: ParallelGCFailedAllocation done
Event: 2.985 Executing VM operation: HandshakeAllThreads
Event: 2.986 Executing VM operation: HandshakeAllThreads done
Event: 3.139 Executing VM operation: ParallelGCFailedAllocation
Event: 3.141 Executing VM operation: ParallelGCFailedAllocation done

Events (20 events):
Event: 3.103 loading class java/io/StringReader
Event: 3.103 loading class java/io/StringReader done
Event: 3.106 loading class java/util/zip/GZIPInputStream
Event: 3.106 loading class java/util/zip/GZIPInputStream done
Event: 3.109 loading class java/net/SocketTimeoutException
Event: 3.109 loading class java/io/InterruptedIOException
Event: 3.109 loading class java/io/InterruptedIOException done
Event: 3.109 loading class java/net/SocketTimeoutException done
Event: 3.109 loading class java/net/SocketException
Event: 3.109 loading class java/net/SocketException done
Event: 3.109 loading class java/net/UnknownHostException
Event: 3.109 loading class java/net/UnknownHostException done
Event: 3.109 loading class java/net/ProtocolException
Event: 3.110 loading class java/net/ProtocolException done
Event: 3.121 loading class java/lang/ThreadLocal$SuppliedThreadLocal
Event: 3.121 loading class java/lang/ThreadLocal$SuppliedThreadLocal done
Event: 3.126 loading class java/io/FileWriter
Event: 3.126 loading class java/io/FileWriter done
Event: 3.174 loading class java/lang/NegativeArraySizeException
Event: 3.174 loading class java/lang/NegativeArraySizeException done


Dynamic libraries:
0x00007ff749f90000 - 0x00007ff749f9e000 	c:\Users\Ammar\.vscode\extensions\redhat.java-1.28.1-win32-x64\jre\17.0.10-win32-x86_64\bin\java.exe
0x00007ffe99510000 - 0x00007ffe99727000 	C:\WINDOWS\SYSTEM32\ntdll.dll
0x00007ffe64fd0000 - 0x00007ffe64fe9000 	C:\Program Files\Avast Software\Avast\aswhook.dll
0x00007ffe97ec0000 - 0x00007ffe97f84000 	C:\WINDOWS\System32\KERNEL32.DLL
0x00007ffe96af0000 - 0x00007ffe96e96000 	C:\WINDOWS\System32\KERNELBASE.dll
0x00007ffe968f0000 - 0x00007ffe96a01000 	C:\WINDOWS\System32\ucrtbase.dll
0x00007ffe800a0000 - 0x00007ffe800bb000 	c:\Users\Ammar\.vscode\extensions\redhat.java-1.28.1-win32-x64\jre\17.0.10-win32-x86_64\bin\VCRUNTIME140.dll
0x00007ffe7d2d0000 - 0x00007ffe7d2e7000 	c:\Users\Ammar\.vscode\extensions\redhat.java-1.28.1-win32-x64\jre\17.0.10-win32-x86_64\bin\jli.dll
0x00007ffe98a50000 - 0x00007ffe98bfd000 	C:\WINDOWS\System32\USER32.dll
0x00007ffe96ac0000 - 0x00007ffe96ae6000 	C:\WINDOWS\System32\win32u.dll
0x00007ffe97c50000 - 0x00007ffe97c79000 	C:\WINDOWS\System32\GDI32.dll
0x00007ffe7e5e0000 - 0x00007ffe7e873000 	C:\WINDOWS\WinSxS\amd64_microsoft.windows.common-controls_6595b64144ccf1df_6.0.22621.3139_none_270f19e5738675cb\COMCTL32.dll
0x00007ffe972a0000 - 0x00007ffe97347000 	C:\WINDOWS\System32\msvcrt.dll
0x00007ffe970d0000 - 0x00007ffe971e8000 	C:\WINDOWS\System32\gdi32full.dll
0x00007ffe96850000 - 0x00007ffe968ea000 	C:\WINDOWS\System32\msvcp_win.dll
0x00007ffe97260000 - 0x00007ffe97291000 	C:\WINDOWS\System32\IMM32.DLL
0x00007ffe8d300000 - 0x00007ffe8d30c000 	c:\Users\Ammar\.vscode\extensions\redhat.java-1.28.1-win32-x64\jre\17.0.10-win32-x86_64\bin\vcruntime140_1.dll
0x00007ffe546a0000 - 0x00007ffe5472d000 	c:\Users\Ammar\.vscode\extensions\redhat.java-1.28.1-win32-x64\jre\17.0.10-win32-x86_64\bin\msvcp140.dll
0x00007ffe38570000 - 0x00007ffe391d2000 	c:\Users\Ammar\.vscode\extensions\redhat.java-1.28.1-win32-x64\jre\17.0.10-win32-x86_64\bin\server\jvm.dll
0x00007ffe99080000 - 0x00007ffe99133000 	C:\WINDOWS\System32\ADVAPI32.dll
0x00007ffe989a0000 - 0x00007ffe98a48000 	C:\WINDOWS\System32\sechost.dll
0x00007ffe96a90000 - 0x00007ffe96ab8000 	C:\WINDOWS\System32\bcrypt.dll
0x00007ffe97d00000 - 0x00007ffe97e17000 	C:\WINDOWS\System32\RPCRT4.dll
0x00007ffe956a0000 - 0x00007ffe956ed000 	C:\WINDOWS\SYSTEM32\POWRPROF.dll
0x00007ffe78a70000 - 0x00007ffe78a79000 	C:\WINDOWS\SYSTEM32\WSOCK32.dll
0x00007ffe992f0000 - 0x00007ffe99361000 	C:\WINDOWS\System32\WS2_32.dll
0x00007ffe8d2c0000 - 0x00007ffe8d2f4000 	C:\WINDOWS\SYSTEM32\WINMM.dll
0x00007ffe8cb40000 - 0x00007ffe8cb4a000 	C:\WINDOWS\SYSTEM32\VERSION.dll
0x00007ffe95680000 - 0x00007ffe95693000 	C:\WINDOWS\SYSTEM32\UMPDC.dll
0x00007ffe95940000 - 0x00007ffe95958000 	C:\WINDOWS\SYSTEM32\kernel.appcore.dll
0x00007ffe8c860000 - 0x00007ffe8c86a000 	c:\Users\Ammar\.vscode\extensions\redhat.java-1.28.1-win32-x64\jre\17.0.10-win32-x86_64\bin\jimage.dll
0x00007ffe94110000 - 0x00007ffe94343000 	C:\WINDOWS\SYSTEM32\DBGHELP.DLL
0x00007ffe973a0000 - 0x00007ffe97729000 	C:\WINDOWS\System32\combase.dll
0x00007ffe97b10000 - 0x00007ffe97be7000 	C:\WINDOWS\System32\OLEAUT32.dll
0x00007ffe8b3a0000 - 0x00007ffe8b3d2000 	C:\WINDOWS\SYSTEM32\dbgcore.DLL
0x00007ffe96a10000 - 0x00007ffe96a8a000 	C:\WINDOWS\System32\bcryptPrimitives.dll
0x00007ffe86cb0000 - 0x00007ffe86cbe000 	c:\Users\Ammar\.vscode\extensions\redhat.java-1.28.1-win32-x64\jre\17.0.10-win32-x86_64\bin\instrument.dll
0x00007ffe7ab10000 - 0x00007ffe7ab35000 	c:\Users\Ammar\.vscode\extensions\redhat.java-1.28.1-win32-x64\jre\17.0.10-win32-x86_64\bin\java.dll
0x00007ffe79c50000 - 0x00007ffe79c68000 	c:\Users\Ammar\.vscode\extensions\redhat.java-1.28.1-win32-x64\jre\17.0.10-win32-x86_64\bin\zip.dll
0x00007ffe98140000 - 0x00007ffe9899a000 	C:\WINDOWS\System32\SHELL32.dll
0x00007ffe94760000 - 0x00007ffe95056000 	C:\WINDOWS\SYSTEM32\windows.storage.dll
0x00007ffe94620000 - 0x00007ffe9475e000 	C:\WINDOWS\SYSTEM32\wintypes.dll
0x00007ffe97f90000 - 0x00007ffe98083000 	C:\WINDOWS\System32\SHCORE.dll
0x00007ffe97e20000 - 0x00007ffe97e7e000 	C:\WINDOWS\System32\shlwapi.dll
0x00007ffe96780000 - 0x00007ffe967a6000 	C:\WINDOWS\SYSTEM32\profapi.dll
0x00007ffe79c30000 - 0x00007ffe79c49000 	C:\Users\Ammar\.vscode\extensions\redhat.java-1.28.1-win32-x64\jre\17.0.10-win32-x86_64\bin\net.dll
0x00007ffe90450000 - 0x00007ffe90587000 	C:\WINDOWS\SYSTEM32\WINHTTP.dll
0x00007ffe95db0000 - 0x00007ffe95e19000 	C:\WINDOWS\system32\mswsock.dll
0x00007ffe79c10000 - 0x00007ffe79c26000 	C:\Users\Ammar\.vscode\extensions\redhat.java-1.28.1-win32-x64\jre\17.0.10-win32-x86_64\bin\nio.dll
0x00007ffe86570000 - 0x00007ffe86580000 	c:\Users\Ammar\.vscode\extensions\redhat.java-1.28.1-win32-x64\jre\17.0.10-win32-x86_64\bin\verify.dll
0x00007ffe63ac0000 - 0x00007ffe63afe000 	C:\Users\Ammar\AppData\Roaming\Code\User\globalStorage\redhat.java\1.28.1\config_win\org.eclipse.equinox.launcher\org.eclipse.equinox.launcher.win32.win32.x86_64_1.2.900.v20240129-1338\eclipse_11900.dll
0x00007ffe97960000 - 0x00007ffe97b00000 	C:\WINDOWS\System32\ole32.dll
0x00007ffe96050000 - 0x00007ffe9606b000 	C:\WINDOWS\SYSTEM32\CRYPTSP.dll
0x00007ffe958a0000 - 0x00007ffe958d5000 	C:\WINDOWS\system32\rsaenh.dll
0x00007ffe95e50000 - 0x00007ffe95e7c000 	C:\WINDOWS\SYSTEM32\USERENV.dll

dbghelp: loaded successfully - version: 4.0.5 - missing functions: none
symbol engine: initialized successfully - sym options: 0x614 - pdb path: .;c:\Users\Ammar\.vscode\extensions\redhat.java-1.28.1-win32-x64\jre\17.0.10-win32-x86_64\bin;C:\WINDOWS\SYSTEM32;C:\Program Files\Avast Software\Avast;C:\WINDOWS\WinSxS\amd64_microsoft.windows.common-controls_6595b64144ccf1df_6.0.22621.3139_none_270f19e5738675cb;c:\Users\Ammar\.vscode\extensions\redhat.java-1.28.1-win32-x64\jre\17.0.10-win32-x86_64\bin\server;C:\Users\Ammar\AppData\Roaming\Code\User\globalStorage\redhat.java\1.28.1\config_win\org.eclipse.equinox.launcher\org.eclipse.equinox.launcher.win32.win32.x86_64_1.2.900.v20240129-1338

VM Arguments:
jvm_args: --add-modules=ALL-SYSTEM --add-opens=java.base/java.util=ALL-UNNAMED --add-opens=java.base/java.lang=ALL-UNNAMED --add-opens=java.base/sun.nio.fs=ALL-UNNAMED -Declipse.application=org.eclipse.jdt.ls.core.id1 -Dosgi.bundles.defaultStartLevel=4 -Declipse.product=org.eclipse.jdt.ls.core.product -Djava.import.generatesMetadataFilesAtProjectRoot=false -DDetectVMInstallationsJob.disabled=true -Dfile.encoding=utf8 -XX:+UseParallelGC -XX:GCTimeRatio=4 -XX:AdaptiveSizePolicyWeight=90 -Dsun.zip.disableMemoryMapping=true -Xmx1G -Xms100m -Xlog:disable -javaagent:c:\Users\Ammar\.vscode\extensions\redhat.java-1.28.1-win32-x64\lombok\lombok-1.18.31.jar -XX:+HeapDumpOnOutOfMemoryError -XX:HeapDumpPath=c:\Users\Ammar\AppData\Roaming\Code\User\workspaceStorage\a48c1bf85e1e3dad3e6e0bfbc93516f5\redhat.java -Daether.dependencyCollector.impl=bf 
java_command: c:\Users\Ammar\.vscode\extensions\redhat.java-1.28.1-win32-x64\server\plugins\org.eclipse.equinox.launcher_1.6.700.v20231214-2017.jar -configuration c:\Users\Ammar\AppData\Roaming\Code\User\globalStorage\redhat.java\1.28.1\config_win -data c:\Users\Ammar\AppData\Roaming\Code\User\workspaceStorage\a48c1bf85e1e3dad3e6e0bfbc93516f5\redhat.java\jdt_ws --stdio
java_class_path (initial): c:\Users\Ammar\.vscode\extensions\redhat.java-1.28.1-win32-x64\server\plugins\org.eclipse.equinox.launcher_1.6.700.v20231214-2017.jar
Launcher Type: SUN_STANDARD

[Global flags]
    uintx AdaptiveSizePolicyWeight                 = 90                                        {product} {command line}
     intx CICompilerCount                          = 4                                         {product} {ergonomic}
    uintx GCTimeRatio                              = 4                                         {product} {command line}
     bool HeapDumpOnOutOfMemoryError               = true                                   {manageable} {command line}
    ccstr HeapDumpPath                             = c:\Users\Ammar\AppData\Roaming\Code\User\workspaceStorage\a48c1bf85e1e3dad3e6e0bfbc93516f5\redhat.java         {manageable} {command line}
   size_t InitialHeapSize                          = 104857600                                 {product} {command line}
   size_t MaxHeapSize                              = 1073741824                                {product} {command line}
   size_t MaxNewSize                               = 357564416                                 {product} {ergonomic}
   size_t MinHeapDeltaBytes                        = 524288                                    {product} {ergonomic}
   size_t MinHeapSize                              = 104857600                                 {product} {command line}
   size_t NewSize                                  = 34603008                                  {product} {ergonomic}
    uintx NonNMethodCodeHeapSize                   = 5839372                                {pd product} {ergonomic}
    uintx NonProfiledCodeHeapSize                  = 122909434                              {pd product} {ergonomic}
   size_t OldSize                                  = 70254592                                  {product} {ergonomic}
    uintx ProfiledCodeHeapSize                     = 122909434                              {pd product} {ergonomic}
    uintx ReservedCodeCacheSize                    = 251658240                              {pd product} {ergonomic}
     bool SegmentedCodeCache                       = true                                      {product} {ergonomic}
   size_t SoftMaxHeapSize                          = 1073741824                             {manageable} {ergonomic}
     bool UseCompressedClassPointers               = true                           {product lp64_product} {ergonomic}
     bool UseCompressedOops                        = true                           {product lp64_product} {ergonomic}
     bool UseLargePagesIndividualAllocation        = false                                  {pd product} {ergonomic}
     bool UseParallelGC                            = true                                      {product} {command line}

Logging:
Log output configuration:
 #0: stdout all=off uptime,level,tags
 #1: stderr all=off uptime,level,tags

Environment Variables:
PATH=C:\Program Files (x86)\NVIDIA Corporation\PhysX\Common;C:\WINDOWS\system32;C:\WINDOWS;C:\WINDOWS\System32\Wbem;C:\WINDOWS\System32\WindowsPowerShell\v1.0\;C:\WINDOWS\System32\OpenSSH\;C:\Program Files\Dart\dart-sdk\bin;E:\ali\jdk-19.0.2\bin;C:\Program Files (x86)\Microsoft SQL Server\160\Tools\Binn\;C:\Program Files\Microsoft SQL Server\160\Tools\Binn\;C:\Program Files\Microsoft SQL Server\Client SDK\ODBC\170\Tools\Binn\;C:\Program Files\Microsoft SQL Server\160\DTS\Binn\;C:\Program Files (x86)\Microsoft SQL Server\160\DTS\Binn\;C:\Program Files\Azure Data Studio\bin;C:\Program Files\Git\cmd;C:\Users\Ammar\AppData\Local\Packages\PythonSoftwareFoundation.Python.3.10_qbz5n2kfra8p0\LocalCache\local-packages\Python310\Scripts;C:\Users\Ammar\AppData\Local\Packages\PythonSoftwareFoundation.Python.3.10_qbz5n2kfra8p0\LocalCache\local-packages\Python310\Scripts\waitress-serve.exe --host=0.0.0.0 --port=5000 video_downloader_bot:app;c:\users\ammar\appdata\local\packages\pythonsoftwarefoundation.python.3.10_qbz5n2kfra8p0\localcache\local-packages\python310\site-packages;C:\Program Files\PowerShell\7\;C:\Program Files\PowerShell\7-preview\preview;C:\Program Files (x86)\;C:\Program Files (x86)\node.exe;C:\Program Files\PowerShell\7;E:\ali\course\data\flutter\bin\;C:\Program Files (x86)\NVIDIA Corporation\PhysX\Common;C:\WINDOWS\system32;C:\WINDOWS;C:\WINDOWS\System32\Wbem;C:\WINDOWS\System32\WindowsPowerShell\v1.0\;C:\WINDOWS\System32\OpenSSH\;C:\Program Files\Dart\dart-sdk\bin;E:\ali\jdk-19.0.2\bin;E:\programs\;C:\Program Files\PowerShell\7-preview\preview;C:\Program Files (x86)\Microsoft SQL Server\160\Tools\Binn\;C:\Program Files\Microsoft SQL Server\160\Tools\Binn\;C:\Program Files\Microsoft SQL Server\Client SDK\ODBC\170\Tools\Binn\;C:\Program Files\Microsoft SQL Server\160\DTS\Binn\;C:\Program Files (x86)\Microsoft SQL Server\160\DTS\Binn\;C:\Program Files\Azure Data Studio\bin;C:\Program Files\Git\cmd;C:\Users\Ammar\AppData\Local\Packages\PythonSoftwareFoundation.Python.
USERNAME=Ammar
OS=Windows_NT
PROCESSOR_IDENTIFIER=Intel64 Family 6 Model 165 Stepping 2, GenuineIntel
TMP=C:\Users\Ammar\AppData\Local\Temp
TEMP=C:\Users\Ammar\AppData\Local\Temp



Periodic native trim disabled


---------------  S Y S T E M  ---------------

OS:
 Windows 11 , 64 bit Build 22621 (10.0.22621.3139)
OS uptime: 1 days 7:44 hours
Hyper-V role detected

CPU: total 8 (initial active 8) (4 cores per cpu, 2 threads per core) family 6 model 165 stepping 2 microcode 0xf8, cx8, cmov, fxsr, ht, mmx, 3dnowpref, sse, sse2, sse3, ssse3, sse4.1, sse4.2, popcnt, lzcnt, tsc, tscinvbit, avx, avx2, aes, erms, clmul, bmi1, bmi2, adx, fma, vzeroupper, clflush, clflushopt, hv
Processor Information for all 8 processors :
  Max Mhz: 2496, Current Mhz: 2496, Mhz Limit: 2496

Memory: 4k page, system-wide physical 7985M (175M free)
TotalPageFile size 32561M (AvailPageFile size 112M)
current process WorkingSet (physical memory assigned to process): 139M, peak: 139M
current process commit charge ("private bytes"): 239M, peak: 240M

vm_info: OpenJDK 64-Bit Server VM (17.0.10+7) for windows-amd64 JRE (17.0.10+7), built on Jan 16 2024 23:25:11 by "admin" with MS VC++ 16.10 / 16.11 (VS2019)

END.
